{
  "RSpec": {
    "coverage": {
      "/home/abhishek98/Desktop/Team_Management_System/app/helpers/application_helper.rb": {
        "lines": [
          1,
          null
        ]
      },
      "/home/abhishek98/Desktop/Team_Management_System/app/helpers/employees_helper.rb": {
        "lines": [
          1,
          null
        ]
      },
      "/home/abhishek98/Desktop/Team_Management_System/app/helpers/logins_helper.rb": {
        "lines": [
          1,
          null
        ]
      },
      "/home/abhishek98/Desktop/Team_Management_System/app/helpers/signups_helper.rb": {
        "lines": [
          1,
          null
        ]
      },
      "/home/abhishek98/Desktop/Team_Management_System/app/helpers/skills_helper.rb": {
        "lines": [
          1,
          null
        ]
      },
      "/home/abhishek98/Desktop/Team_Management_System/app/helpers/teams_helper.rb": {
        "lines": [
          1,
          null
        ]
      },
      "/home/abhishek98/Desktop/Team_Management_System/app/controllers/employees_controller.rb": {
        "lines": [
          1,
          1,
          1,
          null,
          1,
          1,
          1,
          null,
          null,
          1,
          7,
          6,
          2,
          null,
          75,
          null,
          6,
          6,
          null,
          null,
          1,
          null,
          null,
          null,
          null,
          null,
          1,
          8,
          1,
          null,
          null,
          null,
          1,
          6,
          3,
          3,
          null,
          15,
          null,
          15,
          null,
          15,
          null,
          null,
          null,
          3,
          null,
          null
        ]
      },
      "/home/abhishek98/Desktop/Team_Management_System/app/controllers/application_controller.rb": {
        "lines": [
          1,
          1,
          1,
          null,
          1,
          36,
          36,
          36,
          1,
          null,
          35,
          35,
          1,
          null,
          null,
          null,
          null
        ]
      },
      "/home/abhishek98/Desktop/Team_Management_System/app/controllers/concerns/jwt_authentication.rb": {
        "lines": [
          1,
          1,
          null,
          1,
          null,
          1,
          null,
          null,
          null,
          1,
          66,
          66,
          null,
          null,
          1,
          null,
          35,
          34,
          1,
          1,
          null,
          null,
          null,
          null,
          1,
          1,
          null,
          1,
          null,
          0,
          null,
          null,
          null
        ]
      },
      "/home/abhishek98/Desktop/Team_Management_System/app/controllers/logins_controller.rb": {
        "lines": [
          1,
          1,
          null,
          1,
          2,
          1,
          1,
          null,
          1,
          null,
          null,
          null,
          1,
          null,
          1,
          3,
          3,
          1,
          null,
          null,
          null
        ]
      },
      "/home/abhishek98/Desktop/Team_Management_System/app/controllers/signups_controller.rb": {
        "lines": [
          1,
          1,
          null,
          1,
          3,
          3,
          1,
          1,
          null,
          null,
          1,
          null,
          null,
          1,
          null,
          null,
          1,
          null,
          1,
          3,
          null,
          null,
          null,
          1,
          4,
          4,
          1,
          null,
          null,
          null
        ]
      },
      "/home/abhishek98/Desktop/Team_Management_System/app/controllers/skills_controller.rb": {
        "lines": [
          1,
          1,
          null,
          1,
          2,
          2,
          1,
          null,
          1,
          null,
          null,
          null,
          1,
          1,
          1,
          null,
          null,
          1,
          1,
          3,
          1,
          null,
          null,
          null
        ]
      },
      "/home/abhishek98/Desktop/Team_Management_System/app/controllers/teams_controller.rb": {
        "lines": [
          1,
          1,
          null,
          1,
          1,
          1,
          1,
          1,
          null,
          1,
          1,
          1,
          null,
          null,
          1,
          2,
          2,
          2,
          1,
          null,
          1,
          null,
          null,
          null,
          1,
          2,
          1,
          null,
          1,
          null,
          null,
          null,
          1,
          1,
          null,
          null,
          1,
          1,
          1,
          null,
          null,
          null,
          1,
          2,
          2,
          null,
          null,
          1,
          3,
          2,
          2,
          1,
          null,
          1,
          null,
          null,
          null,
          1,
          1,
          4,
          null,
          null,
          null,
          null,
          1,
          11,
          11,
          11,
          1,
          null,
          null,
          null
        ]
      },
      "/home/abhishek98/Desktop/Team_Management_System/app/controllers/concerns/teams_concern.rb": {
        "lines": [
          1,
          1,
          null,
          1,
          null,
          1,
          1,
          17,
          4,
          null,
          null,
          null,
          1,
          12,
          10,
          10,
          2,
          null,
          10,
          10,
          2,
          null,
          null,
          null,
          1,
          14,
          1,
          null,
          6,
          1,
          null,
          null,
          null,
          null
        ]
      },
      "/home/abhishek98/Desktop/Team_Management_System/app/models/employee.rb": {
        "lines": [
          1,
          1,
          1,
          1,
          1,
          1,
          null,
          1,
          1,
          null,
          1,
          null,
          null,
          6,
          null,
          1,
          null,
          1,
          1,
          172,
          null,
          null
        ]
      },
      "/home/abhishek98/Desktop/Team_Management_System/app/models/application_record.rb": {
        "lines": [
          1,
          1,
          null
        ]
      },
      "/home/abhishek98/Desktop/Team_Management_System/app/models/employee_team.rb": {
        "lines": [
          1,
          1,
          1,
          null,
          null
        ]
      },
      "/home/abhishek98/Desktop/Team_Management_System/app/models/skill.rb": {
        "lines": [
          1,
          1,
          null,
          1,
          null
        ]
      },
      "/home/abhishek98/Desktop/Team_Management_System/app/models/team.rb": {
        "lines": [
          1,
          1,
          1,
          1,
          1,
          1,
          null,
          1,
          null,
          1,
          null,
          1,
          null,
          1,
          28,
          null,
          28,
          28,
          0,
          0,
          0,
          null,
          null,
          null,
          null
        ]
      },
      "/home/abhishek98/Desktop/Team_Management_System/app/serializers/employee_serializer.rb": {
        "lines": [
          1,
          1,
          null
        ]
      },
      "/home/abhishek98/Desktop/Team_Management_System/app/serializers/team_serializer.rb": {
        "lines": [
          1,
          1,
          null,
          1,
          null,
          1,
          5,
          null,
          null,
          null,
          null
        ]
      }
    },
    "timestamp": 1731389880
  }
}
